\BOOKMARK [0][-]{chapter.1}{\376\377\0001\000\040\000M\000a\000i\000n\000\040\000P\000a\000g\000e}{}% 1
\BOOKMARK [0][-]{chapter.2}{\376\377\0002\000\040\000D\000a\000t\000a\000\040\000S\000t\000r\000u\000c\000t\000u\000r\000e\000\040\000I\000n\000d\000e\000x}{}% 2
\BOOKMARK [1][-]{section.2.1}{\376\377\0002\000.\0001\000\040\000D\000a\000t\000a\000\040\000S\000t\000r\000u\000c\000t\000u\000r\000e\000s}{chapter.2}% 3
\BOOKMARK [0][-]{chapter.3}{\376\377\0003\000\040\000F\000i\000l\000e\000\040\000I\000n\000d\000e\000x}{}% 4
\BOOKMARK [1][-]{section.3.1}{\376\377\0003\000.\0001\000\040\000F\000i\000l\000e\000\040\000L\000i\000s\000t}{chapter.3}% 5
\BOOKMARK [0][-]{chapter.4}{\376\377\0004\000\040\000D\000a\000t\000a\000\040\000S\000t\000r\000u\000c\000t\000u\000r\000e\000\040\000D\000o\000c\000u\000m\000e\000n\000t\000a\000t\000i\000o\000n}{}% 6
\BOOKMARK [1][-]{section.4.1}{\376\377\0004\000.\0001\000\040\000f\000u\000n\000c\000t\000i\000o\000n\000\137\000n\000a\000m\000e\000\040\000S\000t\000r\000u\000c\000t\000\040\000R\000e\000f\000e\000r\000e\000n\000c\000e}{chapter.4}% 7
\BOOKMARK [2][-]{subsection.4.1.1}{\376\377\0004\000.\0001\000.\0001\000\040\000D\000e\000t\000a\000i\000l\000e\000d\000\040\000D\000e\000s\000c\000r\000i\000p\000t\000i\000o\000n}{section.4.1}% 8
\BOOKMARK [2][-]{subsection.4.1.2}{\376\377\0004\000.\0001\000.\0002\000\040\000F\000i\000e\000l\000d\000\040\000D\000o\000c\000u\000m\000e\000n\000t\000a\000t\000i\000o\000n}{section.4.1}% 9
\BOOKMARK [3][-]{subsubsection.4.1.2.1}{\376\377\0004\000.\0001\000.\0002\000.\0001\000\040\000f\000u\000n\000c\000t\000i\000o\000n}{subsection.4.1.2}% 10
\BOOKMARK [3][-]{subsubsection.4.1.2.2}{\376\377\0004\000.\0001\000.\0002\000.\0002\000\040\000h\000e\000l\000p}{subsection.4.1.2}% 11
\BOOKMARK [3][-]{subsubsection.4.1.2.3}{\376\377\0004\000.\0001\000.\0002\000.\0003\000\040\000n\000a\000m\000e\000S\000t\000r}{subsection.4.1.2}% 12
\BOOKMARK [3][-]{subsubsection.4.1.2.4}{\376\377\0004\000.\0001\000.\0002\000.\0004\000\040\000u\000s\000a\000g\000e}{subsection.4.1.2}% 13
\BOOKMARK [1][-]{section.4.2}{\376\377\0004\000.\0002\000\040\000p\000c\000b\000\137\000q\000u\000e\000u\000e\000\040\000S\000t\000r\000u\000c\000t\000\040\000R\000e\000f\000e\000r\000e\000n\000c\000e}{chapter.4}% 14
\BOOKMARK [2][-]{subsection.4.2.1}{\376\377\0004\000.\0002\000.\0001\000\040\000D\000e\000t\000a\000i\000l\000e\000d\000\040\000D\000e\000s\000c\000r\000i\000p\000t\000i\000o\000n}{section.4.2}% 15
\BOOKMARK [2][-]{subsection.4.2.2}{\376\377\0004\000.\0002\000.\0002\000\040\000F\000i\000e\000l\000d\000\040\000D\000o\000c\000u\000m\000e\000n\000t\000a\000t\000i\000o\000n}{section.4.2}% 16
\BOOKMARK [3][-]{subsubsection.4.2.2.1}{\376\377\0004\000.\0002\000.\0002\000.\0001\000\040\000c\000o\000u\000n\000t}{subsection.4.2.2}% 17
\BOOKMARK [3][-]{subsubsection.4.2.2.2}{\376\377\0004\000.\0002\000.\0002\000.\0002\000\040\000h\000e\000a\000d}{subsection.4.2.2}% 18
\BOOKMARK [3][-]{subsubsection.4.2.2.3}{\376\377\0004\000.\0002\000.\0002\000.\0003\000\040\000t\000a\000i\000l}{subsection.4.2.2}% 19
\BOOKMARK [1][-]{section.4.3}{\376\377\0004\000.\0003\000\040\000p\000c\000b\000\137\000q\000u\000e\000u\000e\000\137\000n\000o\000d\000e\000\040\000S\000t\000r\000u\000c\000t\000\040\000R\000e\000f\000e\000r\000e\000n\000c\000e}{chapter.4}% 20
\BOOKMARK [2][-]{subsection.4.3.1}{\376\377\0004\000.\0003\000.\0001\000\040\000D\000e\000t\000a\000i\000l\000e\000d\000\040\000D\000e\000s\000c\000r\000i\000p\000t\000i\000o\000n}{section.4.3}% 21
\BOOKMARK [2][-]{subsection.4.3.2}{\376\377\0004\000.\0003\000.\0002\000\040\000F\000i\000e\000l\000d\000\040\000D\000o\000c\000u\000m\000e\000n\000t\000a\000t\000i\000o\000n}{section.4.3}% 22
\BOOKMARK [3][-]{subsubsection.4.3.2.1}{\376\377\0004\000.\0003\000.\0002\000.\0001\000\040\000a\000c\000t\000u\000a\000l\000p\000c\000b}{subsection.4.3.2}% 23
\BOOKMARK [3][-]{subsubsection.4.3.2.2}{\376\377\0004\000.\0003\000.\0002\000.\0002\000\040\000n\000e\000x\000t}{subsection.4.3.2}% 24
\BOOKMARK [3][-]{subsubsection.4.3.2.3}{\376\377\0004\000.\0003\000.\0002\000.\0003\000\040\000p\000r\000e\000v}{subsection.4.3.2}% 25
\BOOKMARK [1][-]{section.4.4}{\376\377\0004\000.\0004\000\040\000p\000c\000b\000\137\000s\000t\000r\000u\000c\000t\000\040\000S\000t\000r\000u\000c\000t\000\040\000R\000e\000f\000e\000r\000e\000n\000c\000e}{chapter.4}% 26
\BOOKMARK [2][-]{subsection.4.4.1}{\376\377\0004\000.\0004\000.\0001\000\040\000D\000e\000t\000a\000i\000l\000e\000d\000\040\000D\000e\000s\000c\000r\000i\000p\000t\000i\000o\000n}{section.4.4}% 27
\BOOKMARK [2][-]{subsection.4.4.2}{\376\377\0004\000.\0004\000.\0002\000\040\000F\000i\000e\000l\000d\000\040\000D\000o\000c\000u\000m\000e\000n\000t\000a\000t\000i\000o\000n}{section.4.4}% 28
\BOOKMARK [3][-]{subsubsection.4.4.2.1}{\376\377\0004\000.\0004\000.\0002\000.\0001\000\040\000c\000l\000a\000s\000s}{subsection.4.4.2}% 29
\BOOKMARK [3][-]{subsubsection.4.4.2.2}{\376\377\0004\000.\0004\000.\0002\000.\0002\000\040\000i\000s\000s\000u\000s\000p\000e\000n\000d\000e\000d}{subsection.4.4.2}% 30
\BOOKMARK [3][-]{subsubsection.4.4.2.3}{\376\377\0004\000.\0004\000.\0002\000.\0003\000\040\000n\000a\000m\000e}{subsection.4.4.2}% 31
\BOOKMARK [3][-]{subsubsection.4.4.2.4}{\376\377\0004\000.\0004\000.\0002\000.\0004\000\040\000o\000t\000h\000e\000r\000p\000c\000b}{subsection.4.4.2}% 32
\BOOKMARK [3][-]{subsubsection.4.4.2.5}{\376\377\0004\000.\0004\000.\0002\000.\0005\000\040\000p\000r\000i\000o\000r\000i\000t\000y}{subsection.4.4.2}% 33
\BOOKMARK [3][-]{subsubsection.4.4.2.6}{\376\377\0004\000.\0004\000.\0002\000.\0006\000\040\000r\000u\000n\000n\000i\000n\000g\000s\000t\000a\000t\000e}{subsection.4.4.2}% 34
\BOOKMARK [3][-]{subsubsection.4.4.2.7}{\376\377\0004\000.\0004\000.\0002\000.\0007\000\040\000s\000t\000a\000c\000k\000b\000a\000s\000e}{subsection.4.4.2}% 35
\BOOKMARK [3][-]{subsubsection.4.4.2.8}{\376\377\0004\000.\0004\000.\0002\000.\0008\000\040\000s\000t\000a\000c\000k\000t\000o\000p}{subsection.4.4.2}% 36
\BOOKMARK [0][-]{chapter.5}{\376\377\0005\000\040\000F\000i\000l\000e\000\040\000D\000o\000c\000u\000m\000e\000n\000t\000a\000t\000i\000o\000n}{}% 37
\BOOKMARK [1][-]{section.5.1}{\376\377\0005\000.\0001\000\040\000d\000o\000c\000u\000m\000e\000n\000t\000a\000t\000i\000o\000n\000/\000m\000a\000i\000n\000p\000a\000g\000e\000.\000d\000o\000x\000\040\000F\000i\000l\000e\000\040\000R\000e\000f\000e\000r\000e\000n\000c\000e}{chapter.5}% 38
\BOOKMARK [1][-]{section.5.2}{\376\377\0005\000.\0002\000\040\000i\000n\000c\000l\000u\000d\000e\000/\000c\000o\000r\000e\000/\000s\000e\000r\000i\000a\000l\000.\000h\000\040\000F\000i\000l\000e\000\040\000R\000e\000f\000e\000r\000e\000n\000c\000e}{chapter.5}% 39
\BOOKMARK [2][-]{subsection.5.2.1}{\376\377\0005\000.\0002\000.\0001\000\040\000D\000e\000t\000a\000i\000l\000e\000d\000\040\000D\000e\000s\000c\000r\000i\000p\000t\000i\000o\000n}{section.5.2}% 40
\BOOKMARK [2][-]{subsection.5.2.2}{\376\377\0005\000.\0002\000.\0002\000\040\000M\000a\000c\000r\000o\000\040\000D\000e\000f\000i\000n\000i\000t\000i\000o\000n\000\040\000D\000o\000c\000u\000m\000e\000n\000t\000a\000t\000i\000o\000n}{section.5.2}% 41
\BOOKMARK [3][-]{subsubsection.5.2.2.1}{\376\377\0005\000.\0002\000.\0002\000.\0001\000\040\000C\000O\000M\0001}{subsection.5.2.2}% 42
\BOOKMARK [3][-]{subsubsection.5.2.2.2}{\376\377\0005\000.\0002\000.\0002\000.\0002\000\040\000C\000O\000M\0002}{subsection.5.2.2}% 43
\BOOKMARK [3][-]{subsubsection.5.2.2.3}{\376\377\0005\000.\0002\000.\0002\000.\0003\000\040\000C\000O\000M\0003}{subsection.5.2.2}% 44
\BOOKMARK [3][-]{subsubsection.5.2.2.4}{\376\377\0005\000.\0002\000.\0002\000.\0004\000\040\000C\000O\000M\0004}{subsection.5.2.2}% 45
\BOOKMARK [3][-]{subsubsection.5.2.2.5}{\376\377\0005\000.\0002\000.\0002\000.\0005\000\040\000W\000i\000t\000h\000E\000c\000h\000o}{subsection.5.2.2}% 46
\BOOKMARK [3][-]{subsubsection.5.2.2.6}{\376\377\0005\000.\0002\000.\0002\000.\0006\000\040\000W\000i\000t\000h\000o\000u\000t\000E\000c\000h\000o}{subsection.5.2.2}% 47
\BOOKMARK [2][-]{subsection.5.2.3}{\376\377\0005\000.\0002\000.\0003\000\040\000F\000u\000n\000c\000t\000i\000o\000n\000\040\000D\000o\000c\000u\000m\000e\000n\000t\000a\000t\000i\000o\000n}{section.5.2}% 48
\BOOKMARK [3][-]{subsubsection.5.2.3.1}{\376\377\0005\000.\0002\000.\0003\000.\0001\000\040\000g\000e\000t\000i\000n\000p\000u\000t\000l\000i\000n\000e\000\050\000c\000h\000a\000r\000\040\000*\000b\000u\000f\000f\000e\000r\000,\000\040\000c\000o\000n\000s\000t\000\040\000i\000n\000t\000\040\000b\000u\000f\000f\000e\000r\000s\000i\000z\000e\000,\000\040\000c\000o\000n\000s\000t\000\040\000i\000n\000t\000\040\000b\000W\000i\000t\000h\000E\000c\000h\000o\000\051}{subsection.5.2.3}% 49
\BOOKMARK [3][-]{subsubsection.5.2.3.2}{\376\377\0005\000.\0002\000.\0003\000.\0002\000\040\000i\000n\000i\000t\000s\000e\000r\000i\000a\000l\000\050\000i\000n\000t\000\040\000d\000e\000v\000i\000c\000e\000\051}{subsection.5.2.3}% 50
\BOOKMARK [3][-]{subsubsection.5.2.3.3}{\376\377\0005\000.\0002\000.\0003\000.\0003\000\040\000s\000e\000r\000i\000a\000l\000p\000r\000i\000n\000t\000\050\000c\000o\000n\000s\000t\000\040\000c\000h\000a\000r\000\040\000*\000m\000s\000g\000\051}{subsection.5.2.3}% 51
\BOOKMARK [3][-]{subsubsection.5.2.3.4}{\376\377\0005\000.\0002\000.\0003\000.\0004\000\040\000s\000e\000r\000i\000a\000l\000p\000r\000i\000n\000t\000l\000n\000\050\000c\000o\000n\000s\000t\000\040\000c\000h\000a\000r\000\040\000*\000m\000s\000g\000\051}{subsection.5.2.3}% 52
\BOOKMARK [3][-]{subsubsection.5.2.3.5}{\376\377\0005\000.\0002\000.\0003\000.\0005\000\040\000s\000e\000t\000s\000e\000r\000i\000a\000l\000i\000n\000\050\000i\000n\000t\000\040\000d\000e\000v\000i\000c\000e\000\051}{subsection.5.2.3}% 53
\BOOKMARK [3][-]{subsubsection.5.2.3.6}{\376\377\0005\000.\0002\000.\0003\000.\0006\000\040\000s\000e\000t\000s\000e\000r\000i\000a\000l\000o\000u\000t\000\050\000i\000n\000t\000\040\000d\000e\000v\000i\000c\000e\000\051}{subsection.5.2.3}% 54
\BOOKMARK [1][-]{section.5.3}{\376\377\0005\000.\0003\000\040\000i\000n\000c\000l\000u\000d\000e\000/\000s\000t\000r\000i\000n\000g\000.\000h\000\040\000F\000i\000l\000e\000\040\000R\000e\000f\000e\000r\000e\000n\000c\000e}{chapter.5}% 55
\BOOKMARK [2][-]{subsection.5.3.1}{\376\377\0005\000.\0003\000.\0001\000\040\000D\000e\000t\000a\000i\000l\000e\000d\000\040\000D\000e\000s\000c\000r\000i\000p\000t\000i\000o\000n}{section.5.3}% 56
\BOOKMARK [2][-]{subsection.5.3.2}{\376\377\0005\000.\0003\000.\0002\000\040\000F\000u\000n\000c\000t\000i\000o\000n\000\040\000D\000o\000c\000u\000m\000e\000n\000t\000a\000t\000i\000o\000n}{section.5.3}% 57
\BOOKMARK [3][-]{subsubsection.5.3.2.1}{\376\377\0005\000.\0003\000.\0002\000.\0001\000\040\000a\000t\000o\000i\000\050\000c\000o\000n\000s\000t\000\040\000c\000h\000a\000r\000\040\000*\000s\000\051}{subsection.5.3.2}% 58
\BOOKMARK [3][-]{subsubsection.5.3.2.2}{\376\377\0005\000.\0003\000.\0002\000.\0002\000\040\000i\000s\000s\000p\000a\000c\000e\000\050\000c\000o\000n\000s\000t\000\040\000c\000h\000a\000r\000\040\000*\000c\000\051}{subsection.5.3.2}% 59
\BOOKMARK [3][-]{subsubsection.5.3.2.3}{\376\377\0005\000.\0003\000.\0002\000.\0003\000\040\000m\000e\000m\000s\000e\000t\000\050\000v\000o\000i\000d\000\040\000*\000s\000,\000\040\000i\000n\000t\000\040\000c\000,\000\040\000s\000i\000z\000e\000t\000\040\000n\000\051}{subsection.5.3.2}% 60
\BOOKMARK [3][-]{subsubsection.5.3.2.4}{\376\377\0005\000.\0003\000.\0002\000.\0004\000\040\000p\000r\000i\000n\000t\000f\000\050\000c\000o\000n\000s\000t\000\040\000c\000h\000a\000r\000\040\000*\000f\000o\000r\000m\000a\000t\000,\000.\000.\000.\000\051}{subsection.5.3.2}% 61
\BOOKMARK [3][-]{subsubsection.5.3.2.5}{\376\377\0005\000.\0003\000.\0002\000.\0005\000\040\000s\000p\000r\000i\000n\000t\000f\000\050\000c\000h\000a\000r\000\040\000*\000s\000t\000r\000,\000\040\000c\000o\000n\000s\000t\000\040\000c\000h\000a\000r\000\040\000*\000f\000o\000r\000m\000a\000t\000,\000.\000.\000.\000\051}{subsection.5.3.2}% 62
\BOOKMARK [3][-]{subsubsection.5.3.2.6}{\376\377\0005\000.\0003\000.\0002\000.\0006\000\040\000s\000t\000r\000c\000a\000t\000\050\000c\000h\000a\000r\000\040\000*\000s\0001\000,\000\040\000c\000o\000n\000s\000t\000\040\000c\000h\000a\000r\000\040\000*\000s\0002\000\051}{subsection.5.3.2}% 63
\BOOKMARK [3][-]{subsubsection.5.3.2.7}{\376\377\0005\000.\0003\000.\0002\000.\0007\000\040\000s\000t\000r\000c\000m\000p\000\050\000c\000o\000n\000s\000t\000\040\000c\000h\000a\000r\000\040\000*\000s\0001\000,\000\040\000c\000o\000n\000s\000t\000\040\000c\000h\000a\000r\000\040\000*\000s\0002\000\051}{subsection.5.3.2}% 64
\BOOKMARK [3][-]{subsubsection.5.3.2.8}{\376\377\0005\000.\0003\000.\0002\000.\0008\000\040\000s\000t\000r\000c\000p\000y\000\050\000c\000h\000a\000r\000\040\000*\000s\0001\000,\000\040\000c\000o\000n\000s\000t\000\040\000c\000h\000a\000r\000\040\000*\000s\0002\000\051}{subsection.5.3.2}% 65
\BOOKMARK [3][-]{subsubsection.5.3.2.9}{\376\377\0005\000.\0003\000.\0002\000.\0009\000\040\000s\000t\000r\000l\000e\000n\000\050\000c\000o\000n\000s\000t\000\040\000c\000h\000a\000r\000\040\000*\000s\000\051}{subsection.5.3.2}% 66
\BOOKMARK [3][-]{subsubsection.5.3.2.10}{\376\377\0005\000.\0003\000.\0002\000.\0001\0000\000\040\000s\000t\000r\000t\000o\000k\000\050\000c\000h\000a\000r\000\040\000*\000s\0001\000,\000\040\000c\000o\000n\000s\000t\000\040\000c\000h\000a\000r\000\040\000*\000s\0002\000\051}{subsection.5.3.2}% 67
\BOOKMARK [1][-]{section.5.4}{\376\377\0005\000.\0004\000\040\000l\000i\000b\000/\000s\000t\000r\000i\000n\000g\000.\000c\000\040\000F\000i\000l\000e\000\040\000R\000e\000f\000e\000r\000e\000n\000c\000e}{chapter.5}% 68
\BOOKMARK [2][-]{subsection.5.4.1}{\376\377\0005\000.\0004\000.\0001\000\040\000D\000e\000t\000a\000i\000l\000e\000d\000\040\000D\000e\000s\000c\000r\000i\000p\000t\000i\000o\000n}{section.5.4}% 69
\BOOKMARK [2][-]{subsection.5.4.2}{\376\377\0005\000.\0004\000.\0002\000\040\000F\000u\000n\000c\000t\000i\000o\000n\000\040\000D\000o\000c\000u\000m\000e\000n\000t\000a\000t\000i\000o\000n}{section.5.4}% 70
\BOOKMARK [3][-]{subsubsection.5.4.2.1}{\376\377\0005\000.\0004\000.\0002\000.\0001\000\040\000a\000t\000o\000i\000\050\000c\000o\000n\000s\000t\000\040\000c\000h\000a\000r\000\040\000*\000s\000\051}{subsection.5.4.2}% 71
\BOOKMARK [3][-]{subsubsection.5.4.2.2}{\376\377\0005\000.\0004\000.\0002\000.\0002\000\040\000i\000s\000s\000p\000a\000c\000e\000\050\000c\000o\000n\000s\000t\000\040\000c\000h\000a\000r\000\040\000*\000c\000\051}{subsection.5.4.2}% 72
\BOOKMARK [3][-]{subsubsection.5.4.2.3}{\376\377\0005\000.\0004\000.\0002\000.\0003\000\040\000m\000e\000m\000s\000e\000t\000\050\000v\000o\000i\000d\000\040\000*\000s\000,\000\040\000i\000n\000t\000\040\000c\000,\000\040\000s\000i\000z\000e\000t\000\040\000n\000\051}{subsection.5.4.2}% 73
\BOOKMARK [3][-]{subsubsection.5.4.2.4}{\376\377\0005\000.\0004\000.\0002\000.\0004\000\040\000p\000r\000i\000n\000t\000f\000\050\000c\000o\000n\000s\000t\000\040\000c\000h\000a\000r\000\040\000*\000f\000o\000r\000m\000a\000t\000,\000.\000.\000.\000\051}{subsection.5.4.2}% 74
\BOOKMARK [3][-]{subsubsection.5.4.2.5}{\376\377\0005\000.\0004\000.\0002\000.\0005\000\040\000s\000p\000r\000i\000n\000t\000f\000\050\000c\000h\000a\000r\000\040\000*\000s\000t\000r\000,\000\040\000c\000o\000n\000s\000t\000\040\000c\000h\000a\000r\000\040\000*\000f\000o\000r\000m\000a\000t\000,\000.\000.\000.\000\051}{subsection.5.4.2}% 75
\BOOKMARK [3][-]{subsubsection.5.4.2.6}{\376\377\0005\000.\0004\000.\0002\000.\0006\000\040\000s\000t\000r\000c\000a\000t\000\050\000c\000h\000a\000r\000\040\000*\000s\0001\000,\000\040\000c\000o\000n\000s\000t\000\040\000c\000h\000a\000r\000\040\000*\000s\0002\000\051}{subsection.5.4.2}% 76
\BOOKMARK [3][-]{subsubsection.5.4.2.7}{\376\377\0005\000.\0004\000.\0002\000.\0007\000\040\000s\000t\000r\000c\000m\000p\000\050\000c\000o\000n\000s\000t\000\040\000c\000h\000a\000r\000\040\000*\000s\0001\000,\000\040\000c\000o\000n\000s\000t\000\040\000c\000h\000a\000r\000\040\000*\000s\0002\000\051}{subsection.5.4.2}% 77
\BOOKMARK [3][-]{subsubsection.5.4.2.8}{\376\377\0005\000.\0004\000.\0002\000.\0008\000\040\000s\000t\000r\000c\000p\000y\000\050\000c\000h\000a\000r\000\040\000*\000s\0001\000,\000\040\000c\000o\000n\000s\000t\000\040\000c\000h\000a\000r\000\040\000*\000s\0002\000\051}{subsection.5.4.2}% 78
\BOOKMARK [3][-]{subsubsection.5.4.2.9}{\376\377\0005\000.\0004\000.\0002\000.\0009\000\040\000s\000t\000r\000l\000e\000n\000\050\000c\000o\000n\000s\000t\000\040\000c\000h\000a\000r\000\040\000*\000s\000\051}{subsection.5.4.2}% 79
\BOOKMARK [3][-]{subsubsection.5.4.2.10}{\376\377\0005\000.\0004\000.\0002\000.\0001\0000\000\040\000s\000t\000r\000t\000o\000k\000\050\000c\000h\000a\000r\000\040\000*\000s\0001\000,\000\040\000c\000o\000n\000s\000t\000\040\000c\000h\000a\000r\000\040\000*\000s\0002\000\051}{subsection.5.4.2}% 80
\BOOKMARK [1][-]{section.5.5}{\376\377\0005\000.\0005\000\040\000m\000o\000d\000u\000l\000e\000s\000/\000e\000r\000r\000n\000o\000.\000h\000\040\000F\000i\000l\000e\000\040\000R\000e\000f\000e\000r\000e\000n\000c\000e}{chapter.5}% 81
\BOOKMARK [2][-]{subsection.5.5.1}{\376\377\0005\000.\0005\000.\0001\000\040\000D\000e\000t\000a\000i\000l\000e\000d\000\040\000D\000e\000s\000c\000r\000i\000p\000t\000i\000o\000n}{section.5.5}% 82
\BOOKMARK [2][-]{subsection.5.5.2}{\376\377\0005\000.\0005\000.\0002\000\040\000M\000a\000c\000r\000o\000\040\000D\000e\000f\000i\000n\000i\000t\000i\000o\000n\000\040\000D\000o\000c\000u\000m\000e\000n\000t\000a\000t\000i\000o\000n}{section.5.5}% 83
\BOOKMARK [3][-]{subsubsection.5.5.2.1}{\376\377\0005\000.\0005\000.\0002\000.\0001\000\040\000E\000I\000N\000V\000P\000A\000R\000A}{subsection.5.5.2}% 84
\BOOKMARK [3][-]{subsubsection.5.5.2.2}{\376\377\0005\000.\0005\000.\0002\000.\0002\000\040\000E\000I\000N\000V\000S\000T\000R\000F}{subsection.5.5.2}% 85
\BOOKMARK [3][-]{subsubsection.5.5.2.3}{\376\377\0005\000.\0005\000.\0002\000.\0003\000\040\000E\000I\000N\000V\000U\000S\000R\000I}{subsection.5.5.2}% 86
\BOOKMARK [3][-]{subsubsection.5.5.2.4}{\376\377\0005\000.\0005\000.\0002\000.\0004\000\040\000E\000N\000O\000E\000R\000R\000O\000R}{subsection.5.5.2}% 87
\BOOKMARK [2][-]{subsection.5.5.3}{\376\377\0005\000.\0005\000.\0003\000\040\000T\000y\000p\000e\000d\000e\000f\000\040\000D\000o\000c\000u\000m\000e\000n\000t\000a\000t\000i\000o\000n}{section.5.5}% 88
\BOOKMARK [3][-]{subsubsection.5.5.3.1}{\376\377\0005\000.\0005\000.\0003\000.\0001\000\040\000e\000r\000r\000o\000r\000t}{subsection.5.5.3}% 89
\BOOKMARK [1][-]{section.5.6}{\376\377\0005\000.\0006\000\040\000m\000o\000d\000u\000l\000e\000s\000/\000r\0001\000/\000r\0001\000.\000c\000\040\000F\000i\000l\000e\000\040\000R\000e\000f\000e\000r\000e\000n\000c\000e}{chapter.5}% 90
\BOOKMARK [2][-]{subsection.5.6.1}{\376\377\0005\000.\0006\000.\0001\000\040\000D\000e\000t\000a\000i\000l\000e\000d\000\040\000D\000e\000s\000c\000r\000i\000p\000t\000i\000o\000n}{section.5.6}% 91
\BOOKMARK [2][-]{subsection.5.6.2}{\376\377\0005\000.\0006\000.\0002\000\040\000M\000a\000c\000r\000o\000\040\000D\000e\000f\000i\000n\000i\000t\000i\000o\000n\000\040\000D\000o\000c\000u\000m\000e\000n\000t\000a\000t\000i\000o\000n}{section.5.6}% 92
\BOOKMARK [3][-]{subsubsection.5.6.2.1}{\376\377\0005\000.\0006\000.\0002\000.\0001\000\040\000C\000O\000M\000P\000L\000E\000T\000I\000O\000N}{subsection.5.6.2}% 93
\BOOKMARK [3][-]{subsubsection.5.6.2.2}{\376\377\0005\000.\0006\000.\0002\000.\0002\000\040\000M\000A\000X\000A\000R\000G\000C}{subsection.5.6.2}% 94
\BOOKMARK [3][-]{subsubsection.5.6.2.3}{\376\377\0005\000.\0006\000.\0002\000.\0003\000\040\000M\000O\000D\000V\000E\000R\000S\000I\000O\000N}{subsection.5.6.2}% 95
\BOOKMARK [3][-]{subsubsection.5.6.2.4}{\376\377\0005\000.\0006\000.\0002\000.\0004\000\040\000U\000S\000E\000R\000I\000N\000P\000U\000T\000B\000U\000F\000F\000E\000R\000S\000I\000Z\000E}{subsection.5.6.2}% 96
\BOOKMARK [2][-]{subsection.5.6.3}{\376\377\0005\000.\0006\000.\0003\000\040\000E\000n\000u\000m\000e\000r\000a\000t\000i\000o\000n\000\040\000T\000y\000p\000e\000\040\000D\000o\000c\000u\000m\000e\000n\000t\000a\000t\000i\000o\000n}{section.5.6}% 97
\BOOKMARK [3][-]{subsubsection.5.6.3.1}{\376\377\0005\000.\0006\000.\0003\000.\0001\000\040\000C\000o\000m\000m\000a\000n\000d\000P\000a\000s\000e\000r\000S\000t\000a\000t}{subsection.5.6.3}% 98
\BOOKMARK [2][-]{subsection.5.6.4}{\376\377\0005\000.\0006\000.\0004\000\040\000F\000u\000n\000c\000t\000i\000o\000n\000\040\000D\000o\000c\000u\000m\000e\000n\000t\000a\000t\000i\000o\000n}{section.5.6}% 99
\BOOKMARK [3][-]{subsubsection.5.6.4.1}{\376\377\0005\000.\0006\000.\0004\000.\0001\000\040\000c\000o\000m\000m\000a\000n\000d\000l\000i\000n\000e\000p\000a\000r\000s\000e\000r\000\050\000c\000o\000n\000s\000t\000\040\000c\000h\000a\000r\000\040\000*\000C\000m\000d\000S\000t\000r\000,\000\040\000i\000n\000t\000\040\000*\000a\000r\000g\000c\000,\000\040\000c\000h\000a\000r\000\040\000*\000*\000a\000r\000g\000v\000,\000\040\000c\000o\000n\000s\000t\000\040\000i\000n\000t\000\040\000M\000a\000x\000A\000r\000g\000N\000u\000m\000,\000\040\000c\000o\000n\000s\000t\000\040\000i\000n\000t\000\040\000M\000a\000x\000S\000t\000r\000L\000e\000n\000\051}{subsection.5.6.4}% 100
\BOOKMARK [3][-]{subsubsection.5.6.4.2}{\376\377\0005\000.\0006\000.\0004\000.\0002\000\040\000c\000o\000m\000m\000h\000a\000n\000d\000\050\000\051}{subsection.5.6.4}% 101
\BOOKMARK [3][-]{subsubsection.5.6.4.3}{\376\377\0005\000.\0006\000.\0004\000.\0003\000\040\000p\000r\000i\000n\000t\000h\000e\000l\000p\000\050\000c\000o\000n\000s\000t\000\040\000i\000n\000t\000\040\000f\000u\000n\000c\000t\000i\000o\000n\000i\000n\000d\000e\000x\000\051}{subsection.5.6.4}% 102
\BOOKMARK [1][-]{section.5.7}{\376\377\0005\000.\0007\000\040\000m\000o\000d\000u\000l\000e\000s\000/\000r\0001\000/\000r\0001\000.\000h\000\040\000F\000i\000l\000e\000\040\000R\000e\000f\000e\000r\000e\000n\000c\000e}{chapter.5}% 103
\BOOKMARK [2][-]{subsection.5.7.1}{\376\377\0005\000.\0007\000.\0001\000\040\000D\000e\000t\000a\000i\000l\000e\000d\000\040\000D\000e\000s\000c\000r\000i\000p\000t\000i\000o\000n}{section.5.7}% 104
\BOOKMARK [2][-]{subsection.5.7.2}{\376\377\0005\000.\0007\000.\0002\000\040\000M\000a\000c\000r\000o\000\040\000D\000e\000f\000i\000n\000i\000t\000i\000o\000n\000\040\000D\000o\000c\000u\000m\000e\000n\000t\000a\000t\000i\000o\000n}{section.5.7}% 105
\BOOKMARK [3][-]{subsubsection.5.7.2.1}{\376\377\0005\000.\0007\000.\0002\000.\0001\000\040\000G\000E\000T\000D\000A\000T\000E}{subsection.5.7.2}% 106
\BOOKMARK [3][-]{subsubsection.5.7.2.2}{\376\377\0005\000.\0007\000.\0002\000.\0002\000\040\000G\000E\000T\000T\000I\000M\000E}{subsection.5.7.2}% 107
\BOOKMARK [3][-]{subsubsection.5.7.2.3}{\376\377\0005\000.\0007\000.\0002\000.\0003\000\040\000H\000E\000L\000P}{subsection.5.7.2}% 108
\BOOKMARK [3][-]{subsubsection.5.7.2.4}{\376\377\0005\000.\0007\000.\0002\000.\0004\000\040\000N\000U\000M\000O\000F\000F\000U\000N\000C\000T\000I\000O\000N\000S}{subsection.5.7.2}% 109
\BOOKMARK [3][-]{subsubsection.5.7.2.5}{\376\377\0005\000.\0007\000.\0002\000.\0005\000\040\000S\000E\000T\000D\000A\000T\000E}{subsection.5.7.2}% 110
\BOOKMARK [3][-]{subsubsection.5.7.2.6}{\376\377\0005\000.\0007\000.\0002\000.\0006\000\040\000S\000E\000T\000T\000I\000M\000E}{subsection.5.7.2}% 111
\BOOKMARK [3][-]{subsubsection.5.7.2.7}{\376\377\0005\000.\0007\000.\0002\000.\0007\000\040\000S\000H\000U\000T\000D\000O\000W\000N}{subsection.5.7.2}% 112
\BOOKMARK [3][-]{subsubsection.5.7.2.8}{\376\377\0005\000.\0007\000.\0002\000.\0008\000\040\000V\000E\000R\000S\000I\000O\000N}{subsection.5.7.2}% 113
\BOOKMARK [2][-]{subsection.5.7.3}{\376\377\0005\000.\0007\000.\0003\000\040\000F\000u\000n\000c\000t\000i\000o\000n\000\040\000D\000o\000c\000u\000m\000e\000n\000t\000a\000t\000i\000o\000n}{section.5.7}% 114
\BOOKMARK [3][-]{subsubsection.5.7.3.1}{\376\377\0005\000.\0007\000.\0003\000.\0001\000\040\000c\000o\000m\000m\000a\000n\000d\000l\000i\000n\000e\000p\000a\000r\000s\000e\000r\000\050\000c\000o\000n\000s\000t\000\040\000c\000h\000a\000r\000\040\000*\000C\000m\000d\000S\000t\000r\000,\000\040\000i\000n\000t\000\040\000*\000a\000r\000g\000c\000,\000\040\000c\000h\000a\000r\000\040\000*\000*\000a\000r\000g\000v\000,\000\040\000c\000o\000n\000s\000t\000\040\000i\000n\000t\000\040\000M\000a\000x\000A\000r\000g\000N\000u\000m\000,\000\040\000c\000o\000n\000s\000t\000\040\000i\000n\000t\000\040\000M\000a\000x\000S\000t\000r\000L\000e\000n\000\051}{subsection.5.7.3}% 115
\BOOKMARK [3][-]{subsubsection.5.7.3.2}{\376\377\0005\000.\0007\000.\0003\000.\0002\000\040\000c\000o\000m\000m\000h\000a\000n\000d\000\050\000\051}{subsection.5.7.3}% 116
\BOOKMARK [3][-]{subsubsection.5.7.3.3}{\376\377\0005\000.\0007\000.\0003\000.\0003\000\040\000p\000r\000i\000n\000t\000h\000e\000l\000p\000\050\000c\000o\000n\000s\000t\000\040\000i\000n\000t\000\040\000f\000u\000n\000c\000t\000i\000o\000n\000i\000n\000d\000e\000x\000\051}{subsection.5.7.3}% 117
\BOOKMARK [1][-]{section.5.8}{\376\377\0005\000.\0008\000\040\000m\000o\000d\000u\000l\000e\000s\000/\000r\0001\000/\000s\000y\000s\000\137\000c\000l\000o\000c\000k\000.\000c\000\040\000F\000i\000l\000e\000\040\000R\000e\000f\000e\000r\000e\000n\000c\000e}{chapter.5}% 118
\BOOKMARK [2][-]{subsection.5.8.1}{\376\377\0005\000.\0008\000.\0001\000\040\000D\000e\000t\000a\000i\000l\000e\000d\000\040\000D\000e\000s\000c\000r\000i\000p\000t\000i\000o\000n}{section.5.8}% 119
\BOOKMARK [2][-]{subsection.5.8.2}{\376\377\0005\000.\0008\000.\0002\000\040\000M\000a\000c\000r\000o\000\040\000D\000e\000f\000i\000n\000i\000t\000i\000o\000n\000\040\000D\000o\000c\000u\000m\000e\000n\000t\000a\000t\000i\000o\000n}{section.5.8}% 120
\BOOKMARK [3][-]{subsubsection.5.8.2.1}{\376\377\0005\000.\0008\000.\0002\000.\0001\000\040\000R\000T\000C\000I\000N\000D\000E\000X\000D\000A\000Y\000M\000O\000N\000T\000H}{subsection.5.8.2}% 121
\BOOKMARK [3][-]{subsubsection.5.8.2.2}{\376\377\0005\000.\0008\000.\0002\000.\0002\000\040\000R\000T\000C\000I\000N\000D\000E\000X\000D\000A\000Y\000W\000E\000E\000K}{subsection.5.8.2}% 122
\BOOKMARK [3][-]{subsubsection.5.8.2.3}{\376\377\0005\000.\0008\000.\0002\000.\0003\000\040\000R\000T\000C\000I\000N\000D\000E\000X\000H\000O\000U\000R}{subsection.5.8.2}% 123
\BOOKMARK [3][-]{subsubsection.5.8.2.4}{\376\377\0005\000.\0008\000.\0002\000.\0004\000\040\000R\000T\000C\000I\000N\000D\000E\000X\000H\000O\000U\000R\000A\000L\000A\000R\000M}{subsection.5.8.2}% 124
\BOOKMARK [3][-]{subsubsection.5.8.2.5}{\376\377\0005\000.\0008\000.\0002\000.\0005\000\040\000R\000T\000C\000I\000N\000D\000E\000X\000M\000I\000N\000U\000T\000E}{subsection.5.8.2}% 125
\BOOKMARK [3][-]{subsubsection.5.8.2.6}{\376\377\0005\000.\0008\000.\0002\000.\0006\000\040\000R\000T\000C\000I\000N\000D\000E\000X\000M\000I\000N\000U\000T\000E\000A\000L\000A\000R\000M}{subsection.5.8.2}% 126
\BOOKMARK [3][-]{subsubsection.5.8.2.7}{\376\377\0005\000.\0008\000.\0002\000.\0007\000\040\000R\000T\000C\000I\000N\000D\000E\000X\000M\000O\000N\000T\000H}{subsection.5.8.2}% 127
\BOOKMARK [3][-]{subsubsection.5.8.2.8}{\376\377\0005\000.\0008\000.\0002\000.\0008\000\040\000R\000T\000C\000I\000N\000D\000E\000X\000S\000E\000C\000O\000N\000D}{subsection.5.8.2}% 128
\BOOKMARK [3][-]{subsubsection.5.8.2.9}{\376\377\0005\000.\0008\000.\0002\000.\0009\000\040\000R\000T\000C\000I\000N\000D\000E\000X\000S\000E\000C\000O\000N\000D\000A\000L\000A\000R\000M}{subsection.5.8.2}% 129
\BOOKMARK [3][-]{subsubsection.5.8.2.10}{\376\377\0005\000.\0008\000.\0002\000.\0001\0000\000\040\000R\000T\000C\000I\000N\000D\000E\000X\000Y\000E\000A\000R}{subsection.5.8.2}% 130
\BOOKMARK [2][-]{subsection.5.8.3}{\376\377\0005\000.\0008\000.\0003\000\040\000F\000u\000n\000c\000t\000i\000o\000n\000\040\000D\000o\000c\000u\000m\000e\000n\000t\000a\000t\000i\000o\000n}{section.5.8}% 131
\BOOKMARK [3][-]{subsubsection.5.8.3.1}{\376\377\0005\000.\0008\000.\0003\000.\0001\000\040\000g\000e\000t\000d\000a\000t\000e\000\050\000d\000a\000t\000e\000t\000i\000m\000e\000\040\000*\000d\000a\000t\000e\000T\000i\000m\000e\000V\000a\000l\000u\000e\000s\000\051}{subsection.5.8.3}% 132
\BOOKMARK [3][-]{subsubsection.5.8.3.2}{\376\377\0005\000.\0008\000.\0003\000.\0002\000\040\000g\000e\000t\000d\000a\000t\000e\000m\000a\000i\000n\000\050\000i\000n\000t\000\040\000a\000r\000g\000c\000,\000\040\000c\000h\000a\000r\000\040\000*\000*\000a\000r\000g\000v\000\051}{subsection.5.8.3}% 133
\BOOKMARK [3][-]{subsubsection.5.8.3.3}{\376\377\0005\000.\0008\000.\0003\000.\0003\000\040\000g\000e\000t\000t\000i\000m\000e\000\050\000d\000a\000t\000e\000t\000i\000m\000e\000\040\000*\000d\000a\000t\000e\000T\000i\000m\000e\000V\000a\000l\000u\000e\000s\000\051}{subsection.5.8.3}% 134
\BOOKMARK [3][-]{subsubsection.5.8.3.4}{\376\377\0005\000.\0008\000.\0003\000.\0004\000\040\000g\000e\000t\000t\000i\000m\000e\000m\000a\000i\000n\000\050\000i\000n\000t\000\040\000a\000r\000g\000c\000,\000\040\000c\000h\000a\000r\000\040\000*\000*\000a\000r\000g\000v\000\051}{subsection.5.8.3}% 135
\BOOKMARK [3][-]{subsubsection.5.8.3.5}{\376\377\0005\000.\0008\000.\0003\000.\0005\000\040\000s\000e\000t\000d\000a\000t\000e\000\050\000c\000o\000n\000s\000t\000\040\000d\000a\000t\000e\000t\000i\000m\000e\000\040\000*\000d\000a\000t\000e\000T\000i\000m\000e\000V\000a\000l\000u\000e\000s\000\051}{subsection.5.8.3}% 136
\BOOKMARK [3][-]{subsubsection.5.8.3.6}{\376\377\0005\000.\0008\000.\0003\000.\0006\000\040\000s\000e\000t\000d\000a\000t\000e\000m\000a\000i\000n\000\050\000i\000n\000t\000\040\000a\000r\000g\000c\000,\000\040\000c\000h\000a\000r\000\040\000*\000*\000a\000r\000g\000v\000\051}{subsection.5.8.3}% 137
\BOOKMARK [3][-]{subsubsection.5.8.3.7}{\376\377\0005\000.\0008\000.\0003\000.\0007\000\040\000s\000e\000t\000d\000a\000t\000e\000s\000t\000r\000\050\000c\000o\000n\000s\000t\000\040\000c\000h\000a\000r\000\040\000*\000s\000t\000r\000\051}{subsection.5.8.3}% 138
\BOOKMARK [3][-]{subsubsection.5.8.3.8}{\376\377\0005\000.\0008\000.\0003\000.\0008\000\040\000s\000e\000t\000t\000i\000m\000e\000\050\000c\000o\000n\000s\000t\000\040\000d\000a\000t\000e\000t\000i\000m\000e\000\040\000*\000d\000a\000t\000e\000T\000i\000m\000e\000V\000a\000l\000u\000e\000s\000\051}{subsection.5.8.3}% 139
\BOOKMARK [3][-]{subsubsection.5.8.3.9}{\376\377\0005\000.\0008\000.\0003\000.\0009\000\040\000s\000e\000t\000t\000i\000m\000e\000m\000a\000i\000n\000\050\000i\000n\000t\000\040\000a\000r\000g\000c\000,\000\040\000c\000h\000a\000r\000\040\000*\000*\000a\000r\000g\000v\000\051}{subsection.5.8.3}% 140
\BOOKMARK [3][-]{subsubsection.5.8.3.10}{\376\377\0005\000.\0008\000.\0003\000.\0001\0000\000\040\000s\000e\000t\000t\000i\000m\000e\000s\000t\000r\000\050\000c\000o\000n\000s\000t\000\040\000c\000h\000a\000r\000\040\000*\000t\000i\000m\000e\000S\000t\000r\000\051}{subsection.5.8.3}% 141
\BOOKMARK [1][-]{section.5.9}{\376\377\0005\000.\0009\000\040\000m\000o\000d\000u\000l\000e\000s\000/\000r\0001\000/\000s\000y\000s\000\137\000c\000l\000o\000c\000k\000.\000h\000\040\000F\000i\000l\000e\000\040\000R\000e\000f\000e\000r\000e\000n\000c\000e}{chapter.5}% 142
\BOOKMARK [2][-]{subsection.5.9.1}{\376\377\0005\000.\0009\000.\0001\000\040\000D\000e\000t\000a\000i\000l\000e\000d\000\040\000D\000e\000s\000c\000r\000i\000p\000t\000i\000o\000n}{section.5.9}% 143
\BOOKMARK [2][-]{subsection.5.9.2}{\376\377\0005\000.\0009\000.\0002\000\040\000F\000u\000n\000c\000t\000i\000o\000n\000\040\000D\000o\000c\000u\000m\000e\000n\000t\000a\000t\000i\000o\000n}{section.5.9}% 144
\BOOKMARK [3][-]{subsubsection.5.9.2.1}{\376\377\0005\000.\0009\000.\0002\000.\0001\000\040\000g\000e\000t\000d\000a\000t\000e\000\050\000d\000a\000t\000e\000t\000i\000m\000e\000\040\000*\000d\000a\000t\000e\000T\000i\000m\000e\000V\000a\000l\000u\000e\000s\000\051}{subsection.5.9.2}% 145
\BOOKMARK [3][-]{subsubsection.5.9.2.2}{\376\377\0005\000.\0009\000.\0002\000.\0002\000\040\000g\000e\000t\000d\000a\000t\000e\000m\000a\000i\000n\000\050\000i\000n\000t\000\040\000a\000r\000g\000c\000,\000\040\000c\000h\000a\000r\000\040\000*\000*\000a\000r\000g\000v\000\051}{subsection.5.9.2}% 146
\BOOKMARK [3][-]{subsubsection.5.9.2.3}{\376\377\0005\000.\0009\000.\0002\000.\0003\000\040\000g\000e\000t\000t\000i\000m\000e\000\050\000d\000a\000t\000e\000t\000i\000m\000e\000\040\000*\000d\000a\000t\000e\000T\000i\000m\000e\000V\000a\000l\000u\000e\000s\000\051}{subsection.5.9.2}% 147
\BOOKMARK [3][-]{subsubsection.5.9.2.4}{\376\377\0005\000.\0009\000.\0002\000.\0004\000\040\000g\000e\000t\000t\000i\000m\000e\000m\000a\000i\000n\000\050\000i\000n\000t\000\040\000a\000r\000g\000c\000,\000\040\000c\000h\000a\000r\000\040\000*\000*\000a\000r\000g\000v\000\051}{subsection.5.9.2}% 148
\BOOKMARK [3][-]{subsubsection.5.9.2.5}{\376\377\0005\000.\0009\000.\0002\000.\0005\000\040\000s\000e\000t\000d\000a\000t\000e\000\050\000c\000o\000n\000s\000t\000\040\000d\000a\000t\000e\000t\000i\000m\000e\000\040\000*\000d\000a\000t\000e\000T\000i\000m\000e\000V\000a\000l\000u\000e\000s\000\051}{subsection.5.9.2}% 149
\BOOKMARK [3][-]{subsubsection.5.9.2.6}{\376\377\0005\000.\0009\000.\0002\000.\0006\000\040\000s\000e\000t\000d\000a\000t\000e\000m\000a\000i\000n\000\050\000i\000n\000t\000\040\000a\000r\000g\000c\000,\000\040\000c\000h\000a\000r\000\040\000*\000*\000a\000r\000g\000v\000\051}{subsection.5.9.2}% 150
\BOOKMARK [3][-]{subsubsection.5.9.2.7}{\376\377\0005\000.\0009\000.\0002\000.\0007\000\040\000s\000e\000t\000d\000a\000t\000e\000s\000t\000r\000\050\000c\000o\000n\000s\000t\000\040\000c\000h\000a\000r\000\040\000*\000s\000t\000r\000\051}{subsection.5.9.2}% 151
\BOOKMARK [3][-]{subsubsection.5.9.2.8}{\376\377\0005\000.\0009\000.\0002\000.\0008\000\040\000s\000e\000t\000t\000i\000m\000e\000\050\000c\000o\000n\000s\000t\000\040\000d\000a\000t\000e\000t\000i\000m\000e\000\040\000*\000d\000a\000t\000e\000T\000i\000m\000e\000V\000a\000l\000u\000e\000s\000\051}{subsection.5.9.2}% 152
\BOOKMARK [3][-]{subsubsection.5.9.2.9}{\376\377\0005\000.\0009\000.\0002\000.\0009\000\040\000s\000e\000t\000t\000i\000m\000e\000m\000a\000i\000n\000\050\000i\000n\000t\000\040\000a\000r\000g\000c\000,\000\040\000c\000h\000a\000r\000\040\000*\000*\000a\000r\000g\000v\000\051}{subsection.5.9.2}% 153
\BOOKMARK [3][-]{subsubsection.5.9.2.10}{\376\377\0005\000.\0009\000.\0002\000.\0001\0000\000\040\000s\000e\000t\000t\000i\000m\000e\000s\000t\000r\000\050\000c\000o\000n\000s\000t\000\040\000c\000h\000a\000r\000\040\000*\000t\000i\000m\000e\000S\000t\000r\000\051}{subsection.5.9.2}% 154
\BOOKMARK [1][-]{section.5.10}{\376\377\0005\000.\0001\0000\000\040\000m\000o\000d\000u\000l\000e\000s\000/\000r\0002\000/\000p\000c\000b\000.\000c\000\040\000F\000i\000l\000e\000\040\000R\000e\000f\000e\000r\000e\000n\000c\000e}{chapter.5}% 155
\BOOKMARK [2][-]{subsection.5.10.1}{\376\377\0005\000.\0001\0000\000.\0001\000\040\000D\000e\000t\000a\000i\000l\000e\000d\000\040\000D\000e\000s\000c\000r\000i\000p\000t\000i\000o\000n}{section.5.10}% 156
\BOOKMARK [2][-]{subsection.5.10.2}{\376\377\0005\000.\0001\0000\000.\0002\000\040\000F\000u\000n\000c\000t\000i\000o\000n\000\040\000D\000o\000c\000u\000m\000e\000n\000t\000a\000t\000i\000o\000n}{section.5.10}% 157
\BOOKMARK [3][-]{subsubsection.5.10.2.1}{\376\377\0005\000.\0001\0000\000.\0002\000.\0001\000\040\000p\000c\000b\000i\000n\000i\000t\000\050\000\051}{subsection.5.10.2}% 158
\BOOKMARK [1][-]{section.5.11}{\376\377\0005\000.\0001\0001\000\040\000m\000o\000d\000u\000l\000e\000s\000/\000r\0002\000/\000p\000c\000b\000.\000h\000\040\000F\000i\000l\000e\000\040\000R\000e\000f\000e\000r\000e\000n\000c\000e}{chapter.5}% 159
\BOOKMARK [2][-]{subsection.5.11.1}{\376\377\0005\000.\0001\0001\000.\0001\000\040\000D\000e\000t\000a\000i\000l\000e\000d\000\040\000D\000e\000s\000c\000r\000i\000p\000t\000i\000o\000n}{section.5.11}% 160
\BOOKMARK [2][-]{subsection.5.11.2}{\376\377\0005\000.\0001\0001\000.\0002\000\040\000M\000a\000c\000r\000o\000\040\000D\000e\000f\000i\000n\000i\000t\000i\000o\000n\000\040\000D\000o\000c\000u\000m\000e\000n\000t\000a\000t\000i\000o\000n}{section.5.11}% 161
\BOOKMARK [3][-]{subsubsection.5.11.2.1}{\376\377\0005\000.\0001\0001\000.\0002\000.\0001\000\040\000A\000P\000P\000P\000R\000O\000C\000E\000S\000S}{subsection.5.11.2}% 162
\BOOKMARK [3][-]{subsubsection.5.11.2.2}{\376\377\0005\000.\0001\0001\000.\0002\000.\0002\000\040\000S\000I\000Z\000E\000O\000F\000S\000T\000A\000C\000K}{subsection.5.11.2}% 163
\BOOKMARK [3][-]{subsubsection.5.11.2.3}{\376\377\0005\000.\0001\0001\000.\0002\000.\0003\000\040\000S\000Y\000S\000P\000R\000O\000C\000E\000S\000S}{subsection.5.11.2}% 164
\BOOKMARK [2][-]{subsection.5.11.3}{\376\377\0005\000.\0001\0001\000.\0003\000\040\000E\000n\000u\000m\000e\000r\000a\000t\000i\000o\000n\000\040\000T\000y\000p\000e\000\040\000D\000o\000c\000u\000m\000e\000n\000t\000a\000t\000i\000o\000n}{section.5.11}% 165
\BOOKMARK [3][-]{subsubsection.5.11.3.1}{\376\377\0005\000.\0001\0001\000.\0003\000.\0001\000\040\000p\000r\000o\000c\000e\000s\000s\000c\000l\000a\000s\000s}{subsection.5.11.3}% 166
\BOOKMARK [3][-]{subsubsection.5.11.3.2}{\376\377\0005\000.\0001\0001\000.\0003\000.\0002\000\040\000p\000r\000o\000c\000e\000s\000s\000s\000t\000a\000t\000e}{subsection.5.11.3}% 167
\BOOKMARK [3][-]{subsubsection.5.11.3.3}{\376\377\0005\000.\0001\0001\000.\0003\000.\0003\000\040\000p\000r\000o\000c\000e\000s\000s\000s\000u\000s\000p\000e\000n\000d\000e\000d}{subsection.5.11.3}% 168
\BOOKMARK [2][-]{subsection.5.11.4}{\376\377\0005\000.\0001\0001\000.\0004\000\040\000F\000u\000n\000c\000t\000i\000o\000n\000\040\000D\000o\000c\000u\000m\000e\000n\000t\000a\000t\000i\000o\000n}{section.5.11}% 169
\BOOKMARK [3][-]{subsubsection.5.11.4.1}{\376\377\0005\000.\0001\0001\000.\0004\000.\0001\000\040\000a\000l\000l\000o\000c\000a\000t\000e\000p\000c\000b\000\050\000\051}{subsection.5.11.4}% 170
\BOOKMARK [3][-]{subsubsection.5.11.4.2}{\376\377\0005\000.\0001\0001\000.\0004\000.\0002\000\040\000b\000l\000o\000c\000k\000p\000c\000b\000\050\000s\000t\000r\000u\000c\000t\000\040\000p\000c\000b\000s\000t\000r\000u\000c\000t\000\040\000*\000p\000c\000b\000p\000t\000r\000\051}{subsection.5.11.4}% 171
\BOOKMARK [3][-]{subsubsection.5.11.4.3}{\376\377\0005\000.\0001\0001\000.\0004\000.\0003\000\040\000f\000i\000n\000d\000p\000c\000b\000\050\000c\000o\000n\000s\000t\000\040\000c\000h\000a\000r\000\040\000*\000p\000N\000a\000m\000e\000\051}{subsection.5.11.4}% 172
\BOOKMARK [3][-]{subsubsection.5.11.4.4}{\376\377\0005\000.\0001\0001\000.\0004\000.\0004\000\040\000f\000r\000e\000e\000p\000c\000b\000\050\000s\000t\000r\000u\000c\000t\000\040\000p\000c\000b\000s\000t\000r\000u\000c\000t\000\040\000*\000p\000c\000b\000p\000t\000r\000\051}{subsection.5.11.4}% 173
\BOOKMARK [3][-]{subsubsection.5.11.4.5}{\376\377\0005\000.\0001\0001\000.\0004\000.\0005\000\040\000i\000n\000s\000e\000r\000t\000p\000c\000b\000\050\000s\000t\000r\000u\000c\000t\000\040\000p\000c\000b\000s\000t\000r\000u\000c\000t\000\040\000*\000p\000c\000b\000p\000t\000r\000\051}{subsection.5.11.4}% 174
\BOOKMARK [3][-]{subsubsection.5.11.4.6}{\376\377\0005\000.\0001\0001\000.\0004\000.\0006\000\040\000p\000c\000b\000i\000n\000i\000t\000\050\000\051}{subsection.5.11.4}% 175
\BOOKMARK [3][-]{subsubsection.5.11.4.7}{\376\377\0005\000.\0001\0001\000.\0004\000.\0007\000\040\000r\000e\000m\000o\000v\000e\000p\000c\000b\000\050\000s\000t\000r\000u\000c\000t\000\040\000p\000c\000b\000s\000t\000r\000u\000c\000t\000\040\000*\000p\000c\000b\000p\000t\000r\000\051}{subsection.5.11.4}% 176
\BOOKMARK [3][-]{subsubsection.5.11.4.8}{\376\377\0005\000.\0001\0001\000.\0004\000.\0008\000\040\000r\000e\000s\000u\000m\000e\000p\000c\000b\000\050\000s\000t\000r\000u\000c\000t\000\040\000p\000c\000b\000s\000t\000r\000u\000c\000t\000\040\000*\000p\000c\000b\000p\000t\000r\000\051}{subsection.5.11.4}% 177
\BOOKMARK [3][-]{subsubsection.5.11.4.9}{\376\377\0005\000.\0001\0001\000.\0004\000.\0009\000\040\000s\000e\000t\000p\000c\000b\000p\000r\000i\000o\000r\000i\000t\000y\000\050\000s\000t\000r\000u\000c\000t\000\040\000p\000c\000b\000s\000t\000r\000u\000c\000t\000\040\000*\000p\000c\000b\000p\000t\000r\000,\000\040\000c\000o\000n\000s\000t\000\040\000u\000n\000s\000i\000g\000n\000e\000d\000\040\000c\000h\000a\000r\000\040\000p\000P\000r\000i\000o\000r\000i\000t\000y\000\051}{subsection.5.11.4}% 178
\BOOKMARK [3][-]{subsubsection.5.11.4.10}{\376\377\0005\000.\0001\0001\000.\0004\000.\0001\0000\000\040\000s\000e\000t\000u\000p\000p\000c\000b\000\050\000c\000o\000n\000s\000t\000\040\000c\000h\000a\000r\000\040\000*\000p\000N\000a\000m\000e\000,\000\040\000c\000o\000n\000s\000t\000\040\000u\000n\000s\000i\000g\000n\000e\000d\000\040\000c\000h\000a\000r\000\040\000p\000C\000l\000a\000s\000s\000,\000\040\000c\000o\000n\000s\000t\000\040\000u\000n\000s\000i\000g\000n\000e\000d\000\040\000c\000h\000a\000r\000\040\000p\000P\000r\000i\000o\000r\000i\000t\000y\000\051}{subsection.5.11.4}% 179
\BOOKMARK [3][-]{subsubsection.5.11.4.11}{\376\377\0005\000.\0001\0001\000.\0004\000.\0001\0001\000\040\000s\000h\000o\000w\000a\000l\000l\000p\000r\000o\000c\000e\000s\000s\000e\000s\000\050\000\051}{subsection.5.11.4}% 180
\BOOKMARK [3][-]{subsubsection.5.11.4.12}{\376\377\0005\000.\0001\0001\000.\0004\000.\0001\0002\000\040\000s\000h\000o\000w\000b\000l\000o\000c\000k\000e\000d\000p\000r\000o\000c\000e\000s\000s\000e\000s\000\050\000\051}{subsection.5.11.4}% 181
\BOOKMARK [3][-]{subsubsection.5.11.4.13}{\376\377\0005\000.\0001\0001\000.\0004\000.\0001\0003\000\040\000s\000h\000o\000w\000p\000c\000b\000\050\000s\000t\000r\000u\000c\000t\000\040\000p\000c\000b\000s\000t\000r\000u\000c\000t\000\040\000*\000p\000c\000b\000p\000t\000r\000\051}{subsection.5.11.4}% 182
\BOOKMARK [3][-]{subsubsection.5.11.4.14}{\376\377\0005\000.\0001\0001\000.\0004\000.\0001\0004\000\040\000s\000h\000o\000w\000r\000e\000a\000d\000y\000p\000r\000o\000c\000e\000s\000s\000e\000s\000\050\000\051}{subsection.5.11.4}% 183
\BOOKMARK [3][-]{subsubsection.5.11.4.15}{\376\377\0005\000.\0001\0001\000.\0004\000.\0001\0005\000\040\000s\000u\000s\000p\000e\000n\000d\000p\000c\000b\000\050\000s\000t\000r\000u\000c\000t\000\040\000p\000c\000b\000s\000t\000r\000u\000c\000t\000\040\000*\000p\000c\000b\000p\000t\000r\000\051}{subsection.5.11.4}% 184
\BOOKMARK [3][-]{subsubsection.5.11.4.16}{\376\377\0005\000.\0001\0001\000.\0004\000.\0001\0006\000\040\000u\000n\000b\000l\000o\000c\000k\000p\000c\000b\000\050\000s\000t\000r\000u\000c\000t\000\040\000p\000c\000b\000s\000t\000r\000u\000c\000t\000\040\000*\000p\000c\000b\000p\000t\000r\000\051}{subsection.5.11.4}% 185
\BOOKMARK [1][-]{section.5.12}{\376\377\0005\000.\0001\0002\000\040\000m\000o\000d\000u\000l\000e\000s\000/\000r\0002\000/\000p\000c\000b\000\137\000c\000o\000m\000m\000.\000c\000\040\000F\000i\000l\000e\000\040\000R\000e\000f\000e\000r\000e\000n\000c\000e}{chapter.5}% 186
\BOOKMARK [2][-]{subsection.5.12.1}{\376\377\0005\000.\0001\0002\000.\0001\000\040\000D\000e\000t\000a\000i\000l\000e\000d\000\040\000D\000e\000s\000c\000r\000i\000p\000t\000i\000o\000n}{section.5.12}% 187
\BOOKMARK [1][-]{section.5.13}{\376\377\0005\000.\0001\0003\000\040\000m\000o\000d\000u\000l\000e\000s\000/\000r\0002\000/\000p\000c\000b\000\137\000c\000o\000m\000m\000.\000h\000\040\000F\000i\000l\000e\000\040\000R\000e\000f\000e\000r\000e\000n\000c\000e}{chapter.5}% 188
\BOOKMARK [2][-]{subsection.5.13.1}{\376\377\0005\000.\0001\0003\000.\0001\000\040\000D\000e\000t\000a\000i\000l\000e\000d\000\040\000D\000e\000s\000c\000r\000i\000p\000t\000i\000o\000n}{section.5.13}% 189
\BOOKMARK [2][-]{subsection.5.13.2}{\376\377\0005\000.\0001\0003\000.\0002\000\040\000F\000u\000n\000c\000t\000i\000o\000n\000\040\000D\000o\000c\000u\000m\000e\000n\000t\000a\000t\000i\000o\000n}{section.5.13}% 190
\BOOKMARK [3][-]{subsubsection.5.13.2.1}{\376\377\0005\000.\0001\0003\000.\0002\000.\0001\000\040\000b\000l\000o\000c\000k\000p\000c\000b\000m\000a\000i\000n\000\050\000i\000n\000t\000\040\000a\000r\000g\000c\000,\000\040\000c\000h\000a\000r\000\040\000*\000*\000a\000r\000g\000v\000\051}{subsection.5.13.2}% 191
\BOOKMARK [3][-]{subsubsection.5.13.2.2}{\376\377\0005\000.\0001\0003\000.\0002\000.\0002\000\040\000c\000r\000e\000a\000t\000e\000p\000c\000b\000m\000a\000i\000n\000\050\000i\000n\000t\000\040\000a\000r\000g\000c\000,\000\040\000c\000h\000a\000r\000\040\000*\000*\000a\000r\000g\000v\000\051}{subsection.5.13.2}% 192
\BOOKMARK [3][-]{subsubsection.5.13.2.3}{\376\377\0005\000.\0001\0003\000.\0002\000.\0003\000\040\000d\000e\000l\000e\000t\000e\000p\000c\000b\000m\000a\000i\000n\000\050\000i\000n\000t\000\040\000a\000r\000g\000c\000,\000\040\000c\000h\000a\000r\000\040\000*\000*\000a\000r\000g\000v\000\051}{subsection.5.13.2}% 193
\BOOKMARK [3][-]{subsubsection.5.13.2.4}{\376\377\0005\000.\0001\0003\000.\0002\000.\0004\000\040\000r\000e\000s\000u\000m\000e\000p\000c\000b\000m\000a\000i\000n\000\050\000i\000n\000t\000\040\000a\000r\000g\000c\000,\000\040\000c\000h\000a\000r\000\040\000*\000*\000a\000r\000g\000v\000\051}{subsection.5.13.2}% 194
\BOOKMARK [3][-]{subsubsection.5.13.2.5}{\376\377\0005\000.\0001\0003\000.\0002\000.\0005\000\040\000s\000e\000t\000p\000c\000b\000p\000r\000i\000o\000r\000i\000t\000y\000m\000a\000i\000n\000\050\000i\000n\000t\000\040\000a\000r\000g\000c\000,\000\040\000c\000h\000a\000r\000\040\000*\000*\000a\000r\000g\000v\000\051}{subsection.5.13.2}% 195
\BOOKMARK [3][-]{subsubsection.5.13.2.6}{\376\377\0005\000.\0001\0003\000.\0002\000.\0006\000\040\000s\000h\000o\000w\000a\000l\000l\000p\000r\000o\000c\000e\000s\000s\000e\000s\000m\000a\000i\000n\000\050\000i\000n\000t\000\040\000a\000r\000g\000c\000,\000\040\000c\000h\000a\000r\000\040\000*\000*\000a\000r\000g\000v\000\051}{subsection.5.13.2}% 196
\BOOKMARK [3][-]{subsubsection.5.13.2.7}{\376\377\0005\000.\0001\0003\000.\0002\000.\0007\000\040\000s\000h\000o\000w\000b\000l\000o\000c\000k\000e\000d\000p\000r\000o\000c\000e\000s\000s\000e\000s\000m\000a\000i\000n\000\050\000i\000n\000t\000\040\000a\000r\000g\000c\000,\000\040\000c\000h\000a\000r\000\040\000*\000*\000a\000r\000g\000v\000\051}{subsection.5.13.2}% 197
\BOOKMARK [3][-]{subsubsection.5.13.2.8}{\376\377\0005\000.\0001\0003\000.\0002\000.\0008\000\040\000s\000h\000o\000w\000p\000c\000b\000m\000a\000i\000n\000\050\000i\000n\000t\000\040\000a\000r\000g\000c\000,\000\040\000c\000h\000a\000r\000\040\000*\000*\000a\000r\000g\000v\000\051}{subsection.5.13.2}% 198
\BOOKMARK [3][-]{subsubsection.5.13.2.9}{\376\377\0005\000.\0001\0003\000.\0002\000.\0009\000\040\000s\000h\000o\000w\000r\000e\000a\000d\000y\000p\000r\000o\000c\000e\000s\000s\000e\000s\000m\000a\000i\000n\000\050\000i\000n\000t\000\040\000a\000r\000g\000c\000,\000\040\000c\000h\000a\000r\000\040\000*\000*\000a\000r\000g\000v\000\051}{subsection.5.13.2}% 199
\BOOKMARK [3][-]{subsubsection.5.13.2.10}{\376\377\0005\000.\0001\0003\000.\0002\000.\0001\0000\000\040\000s\000u\000s\000p\000e\000n\000d\000p\000c\000b\000m\000a\000i\000n\000\050\000i\000n\000t\000\040\000a\000r\000g\000c\000,\000\040\000c\000h\000a\000r\000\040\000*\000*\000a\000r\000g\000v\000\051}{subsection.5.13.2}% 200
\BOOKMARK [3][-]{subsubsection.5.13.2.11}{\376\377\0005\000.\0001\0003\000.\0002\000.\0001\0001\000\040\000u\000n\000b\000l\000o\000c\000k\000p\000c\000b\000m\000a\000i\000n\000\050\000i\000n\000t\000\040\000a\000r\000g\000c\000,\000\040\000c\000h\000a\000r\000\040\000*\000*\000a\000r\000g\000v\000\051}{subsection.5.13.2}% 201
\BOOKMARK [0][-]{section*.112}{\376\377\000I\000n\000d\000e\000x}{}% 202
